The system is: Linux - 3.16.0-4-amd64 - x86_64
Compiling the C compiler identification source file "CMakeCCompilerId.c" succeeded.
Compiler: /usr/bin/cc 
Build flags: 
Id flags: 

The output was:
0


Compilation of the C compiler identification source "CMakeCCompilerId.c" produced "a.out"

The C compiler identification is GNU, found in "/home/mecatro/Documents/GIT/roblind/build-roblind-Raspberry-Debug/CMakeFiles/3.0.2/CompilerIdC/a.out"

Compiling the CXX compiler identification source file "CMakeCXXCompilerId.cpp" succeeded.
Compiler: /home/mecatro/gcc-linaro-arm-linux-gnueabihf-raspbian-x64/bin/arm-linux-gnueabihf-g++ 
Build flags: -lwiringPi;-g;-std=c++11
Id flags: -c

The output was:
0


Compilation of the CXX compiler identification source "CMakeCXXCompilerId.cpp" produced "CMakeCXXCompilerId.o"

The CXX compiler identification is GNU, found in "/home/mecatro/Documents/GIT/roblind/build-roblind-Raspberry-Debug/CMakeFiles/3.0.2/CompilerIdCXX/CMakeCXXCompilerId.o"

Determining if the C compiler works passed with the following output:
Change Dir: /home/mecatro/Documents/GIT/roblind/build-roblind-Raspberry-Debug/CMakeFiles/CMakeTmp

Run Build Command:"/usr/bin/make" "cmTryCompileExec2767215156/fast"
/usr/bin/make -f CMakeFiles/cmTryCompileExec2767215156.dir/build.make CMakeFiles/cmTryCompileExec2767215156.dir/build
make[1]: Entering directory '/home/mecatro/Documents/GIT/roblind/build-roblind-Raspberry-Debug/CMakeFiles/CMakeTmp'
/usr/bin/cmake -E cmake_progress_report /home/mecatro/Documents/GIT/roblind/build-roblind-Raspberry-Debug/CMakeFiles/CMakeTmp/CMakeFiles 1
Building C object CMakeFiles/cmTryCompileExec2767215156.dir/testCCompiler.c.o
/usr/bin/cc    -o CMakeFiles/cmTryCompileExec2767215156.dir/testCCompiler.c.o   -c /home/mecatro/Documents/GIT/roblind/build-roblind-Raspberry-Debug/CMakeFiles/CMakeTmp/testCCompiler.c
Linking C executable cmTryCompileExec2767215156
/usr/bin/cmake -E cmake_link_script CMakeFiles/cmTryCompileExec2767215156.dir/link.txt --verbose=1
/usr/bin/cc       CMakeFiles/cmTryCompileExec2767215156.dir/testCCompiler.c.o  -o cmTryCompileExec2767215156 -rdynamic 
make[1]: Leaving directory '/home/mecatro/Documents/GIT/roblind/build-roblind-Raspberry-Debug/CMakeFiles/CMakeTmp'


Detecting C compiler ABI info compiled with the following output:
Change Dir: /home/mecatro/Documents/GIT/roblind/build-roblind-Raspberry-Debug/CMakeFiles/CMakeTmp

Run Build Command:"/usr/bin/make" "cmTryCompileExec544085072/fast"
/usr/bin/make -f CMakeFiles/cmTryCompileExec544085072.dir/build.make CMakeFiles/cmTryCompileExec544085072.dir/build
make[1]: Entering directory '/home/mecatro/Documents/GIT/roblind/build-roblind-Raspberry-Debug/CMakeFiles/CMakeTmp'
/usr/bin/cmake -E cmake_progress_report /home/mecatro/Documents/GIT/roblind/build-roblind-Raspberry-Debug/CMakeFiles/CMakeTmp/CMakeFiles 1
Building C object CMakeFiles/cmTryCompileExec544085072.dir/CMakeCCompilerABI.c.o
/usr/bin/cc    -o CMakeFiles/cmTryCompileExec544085072.dir/CMakeCCompilerABI.c.o   -c /usr/share/cmake-3.0/Modules/CMakeCCompilerABI.c
Linking C executable cmTryCompileExec544085072
/usr/bin/cmake -E cmake_link_script CMakeFiles/cmTryCompileExec544085072.dir/link.txt --verbose=1
/usr/bin/cc     -v CMakeFiles/cmTryCompileExec544085072.dir/CMakeCCompilerABI.c.o  -o cmTryCompileExec544085072 -rdynamic  
Using built-in specs.
COLLECT_GCC=/usr/bin/cc
COLLECT_LTO_WRAPPER=/usr/lib/gcc/x86_64-linux-gnu/4.9/lto-wrapper
Target: x86_64-linux-gnu
Configured with: ../src/configure -v --with-pkgversion='Debian 4.9.2-10' --with-bugurl=file:///usr/share/doc/gcc-4.9/README.Bugs --enable-languages=c,c++,java,go,d,fortran,objc,obj-c++ --prefix=/usr --program-suffix=-4.9 --enable-shared --enable-linker-build-id --libexecdir=/usr/lib --without-included-gettext --enable-threads=posix --with-gxx-include-dir=/usr/include/c++/4.9 --libdir=/usr/lib --enable-nls --with-sysroot=/ --enable-clocale=gnu --enable-libstdcxx-debug --enable-libstdcxx-time=yes --enable-gnu-unique-object --disable-vtable-verify --enable-plugin --with-system-zlib --disable-browser-plugin --enable-java-awt=gtk --enable-gtk-cairo --with-java-home=/usr/lib/jvm/java-1.5.0-gcj-4.9-amd64/jre --enable-java-home --with-jvm-root-dir=/usr/lib/jvm/java-1.5.0-gcj-4.9-amd64 --with-jvm-jar-dir=/usr/lib/jvm-exports/java-1.5.0-gcj-4.9-amd64 --with-arch-directory=amd64 --with-ecj-jar=/usr/share/java/eclipse-ecj.jar --enable-objc-gc --enable-multiarch --with-arch-32=i586 --with-abi=m64 --with-multilib-list=m32,m64,mx32 --enable-multilib --with-tune=generic --enable-checking=release --build=x86_64-linux-gnu --host=x86_64-linux-gnu --target=x86_64-linux-gnu
Thread model: posix
gcc version 4.9.2 (Debian 4.9.2-10) 
COMPILER_PATH=/usr/lib/gcc/x86_64-linux-gnu/4.9/:/usr/lib/gcc/x86_64-linux-gnu/4.9/:/usr/lib/gcc/x86_64-linux-gnu/:/usr/lib/gcc/x86_64-linux-gnu/4.9/:/usr/lib/gcc/x86_64-linux-gnu/
LIBRARY_PATH=/usr/lib/gcc/x86_64-linux-gnu/4.9/:/usr/lib/gcc/x86_64-linux-gnu/4.9/../../../x86_64-linux-gnu/:/usr/lib/gcc/x86_64-linux-gnu/4.9/../../../../lib/:/lib/x86_64-linux-gnu/:/lib/../lib/:/usr/lib/x86_64-linux-gnu/:/usr/lib/../lib/:/usr/lib/gcc/x86_64-linux-gnu/4.9/../../../:/lib/:/usr/lib/
COLLECT_GCC_OPTIONS='-v' '-o' 'cmTryCompileExec544085072' '-rdynamic' '-mtune=generic' '-march=x86-64'
 /usr/lib/gcc/x86_64-linux-gnu/4.9/collect2 -plugin /usr/lib/gcc/x86_64-linux-gnu/4.9/liblto_plugin.so -plugin-opt=/usr/lib/gcc/x86_64-linux-gnu/4.9/lto-wrapper -plugin-opt=-fresolution=/tmp/ccrO0Rve.res -plugin-opt=-pass-through=-lgcc -plugin-opt=-pass-through=-lgcc_s -plugin-opt=-pass-through=-lc -plugin-opt=-pass-through=-lgcc -plugin-opt=-pass-through=-lgcc_s --sysroot=/ --build-id --eh-frame-hdr -m elf_x86_64 --hash-style=gnu -export-dynamic -dynamic-linker /lib64/ld-linux-x86-64.so.2 -o cmTryCompileExec544085072 /usr/lib/gcc/x86_64-linux-gnu/4.9/../../../x86_64-linux-gnu/crt1.o /usr/lib/gcc/x86_64-linux-gnu/4.9/../../../x86_64-linux-gnu/crti.o /usr/lib/gcc/x86_64-linux-gnu/4.9/crtbegin.o -L/usr/lib/gcc/x86_64-linux-gnu/4.9 -L/usr/lib/gcc/x86_64-linux-gnu/4.9/../../../x86_64-linux-gnu -L/usr/lib/gcc/x86_64-linux-gnu/4.9/../../../../lib -L/lib/x86_64-linux-gnu -L/lib/../lib -L/usr/lib/x86_64-linux-gnu -L/usr/lib/../lib -L/usr/lib/gcc/x86_64-linux-gnu/4.9/../../.. CMakeFiles/cmTryCompileExec544085072.dir/CMakeCCompilerABI.c.o -lgcc --as-needed -lgcc_s --no-as-needed -lc -lgcc --as-needed -lgcc_s --no-as-needed /usr/lib/gcc/x86_64-linux-gnu/4.9/crtend.o /usr/lib/gcc/x86_64-linux-gnu/4.9/../../../x86_64-linux-gnu/crtn.o
make[1]: Leaving directory '/home/mecatro/Documents/GIT/roblind/build-roblind-Raspberry-Debug/CMakeFiles/CMakeTmp'


Parsed C implicit link information from above output:
  link line regex: [^( *|.*[/\])(ld|([^/\]+-)?ld|collect2)[^/\]*( |$)]
  ignore line: [Change Dir: /home/mecatro/Documents/GIT/roblind/build-roblind-Raspberry-Debug/CMakeFiles/CMakeTmp]
  ignore line: []
  ignore line: [Run Build Command:"/usr/bin/make" "cmTryCompileExec544085072/fast"]
  ignore line: [/usr/bin/make -f CMakeFiles/cmTryCompileExec544085072.dir/build.make CMakeFiles/cmTryCompileExec544085072.dir/build]
  ignore line: [make[1]: Entering directory '/home/mecatro/Documents/GIT/roblind/build-roblind-Raspberry-Debug/CMakeFiles/CMakeTmp']
  ignore line: [/usr/bin/cmake -E cmake_progress_report /home/mecatro/Documents/GIT/roblind/build-roblind-Raspberry-Debug/CMakeFiles/CMakeTmp/CMakeFiles 1]
  ignore line: [Building C object CMakeFiles/cmTryCompileExec544085072.dir/CMakeCCompilerABI.c.o]
  ignore line: [/usr/bin/cc    -o CMakeFiles/cmTryCompileExec544085072.dir/CMakeCCompilerABI.c.o   -c /usr/share/cmake-3.0/Modules/CMakeCCompilerABI.c]
  ignore line: [Linking C executable cmTryCompileExec544085072]
  ignore line: [/usr/bin/cmake -E cmake_link_script CMakeFiles/cmTryCompileExec544085072.dir/link.txt --verbose=1]
  ignore line: [/usr/bin/cc     -v CMakeFiles/cmTryCompileExec544085072.dir/CMakeCCompilerABI.c.o  -o cmTryCompileExec544085072 -rdynamic  ]
  ignore line: [Using built-in specs.]
  ignore line: [COLLECT_GCC=/usr/bin/cc]
  ignore line: [COLLECT_LTO_WRAPPER=/usr/lib/gcc/x86_64-linux-gnu/4.9/lto-wrapper]
  ignore line: [Target: x86_64-linux-gnu]
  ignore line: [Configured with: ../src/configure -v --with-pkgversion='Debian 4.9.2-10' --with-bugurl=file:///usr/share/doc/gcc-4.9/README.Bugs --enable-languages=c,c++,java,go,d,fortran,objc,obj-c++ --prefix=/usr --program-suffix=-4.9 --enable-shared --enable-linker-build-id --libexecdir=/usr/lib --without-included-gettext --enable-threads=posix --with-gxx-include-dir=/usr/include/c++/4.9 --libdir=/usr/lib --enable-nls --with-sysroot=/ --enable-clocale=gnu --enable-libstdcxx-debug --enable-libstdcxx-time=yes --enable-gnu-unique-object --disable-vtable-verify --enable-plugin --with-system-zlib --disable-browser-plugin --enable-java-awt=gtk --enable-gtk-cairo --with-java-home=/usr/lib/jvm/java-1.5.0-gcj-4.9-amd64/jre --enable-java-home --with-jvm-root-dir=/usr/lib/jvm/java-1.5.0-gcj-4.9-amd64 --with-jvm-jar-dir=/usr/lib/jvm-exports/java-1.5.0-gcj-4.9-amd64 --with-arch-directory=amd64 --with-ecj-jar=/usr/share/java/eclipse-ecj.jar --enable-objc-gc --enable-multiarch --with-arch-32=i586 --with-abi=m64 --with-multilib-list=m32,m64,mx32 --enable-multilib --with-tune=generic --enable-checking=release --build=x86_64-linux-gnu --host=x86_64-linux-gnu --target=x86_64-linux-gnu]
  ignore line: [Thread model: posix]
  ignore line: [gcc version 4.9.2 (Debian 4.9.2-10) ]
  ignore line: [COMPILER_PATH=/usr/lib/gcc/x86_64-linux-gnu/4.9/:/usr/lib/gcc/x86_64-linux-gnu/4.9/:/usr/lib/gcc/x86_64-linux-gnu/:/usr/lib/gcc/x86_64-linux-gnu/4.9/:/usr/lib/gcc/x86_64-linux-gnu/]
  ignore line: [LIBRARY_PATH=/usr/lib/gcc/x86_64-linux-gnu/4.9/:/usr/lib/gcc/x86_64-linux-gnu/4.9/../../../x86_64-linux-gnu/:/usr/lib/gcc/x86_64-linux-gnu/4.9/../../../../lib/:/lib/x86_64-linux-gnu/:/lib/../lib/:/usr/lib/x86_64-linux-gnu/:/usr/lib/../lib/:/usr/lib/gcc/x86_64-linux-gnu/4.9/../../../:/lib/:/usr/lib/]
  ignore line: [COLLECT_GCC_OPTIONS='-v' '-o' 'cmTryCompileExec544085072' '-rdynamic' '-mtune=generic' '-march=x86-64']
  link line: [ /usr/lib/gcc/x86_64-linux-gnu/4.9/collect2 -plugin /usr/lib/gcc/x86_64-linux-gnu/4.9/liblto_plugin.so -plugin-opt=/usr/lib/gcc/x86_64-linux-gnu/4.9/lto-wrapper -plugin-opt=-fresolution=/tmp/ccrO0Rve.res -plugin-opt=-pass-through=-lgcc -plugin-opt=-pass-through=-lgcc_s -plugin-opt=-pass-through=-lc -plugin-opt=-pass-through=-lgcc -plugin-opt=-pass-through=-lgcc_s --sysroot=/ --build-id --eh-frame-hdr -m elf_x86_64 --hash-style=gnu -export-dynamic -dynamic-linker /lib64/ld-linux-x86-64.so.2 -o cmTryCompileExec544085072 /usr/lib/gcc/x86_64-linux-gnu/4.9/../../../x86_64-linux-gnu/crt1.o /usr/lib/gcc/x86_64-linux-gnu/4.9/../../../x86_64-linux-gnu/crti.o /usr/lib/gcc/x86_64-linux-gnu/4.9/crtbegin.o -L/usr/lib/gcc/x86_64-linux-gnu/4.9 -L/usr/lib/gcc/x86_64-linux-gnu/4.9/../../../x86_64-linux-gnu -L/usr/lib/gcc/x86_64-linux-gnu/4.9/../../../../lib -L/lib/x86_64-linux-gnu -L/lib/../lib -L/usr/lib/x86_64-linux-gnu -L/usr/lib/../lib -L/usr/lib/gcc/x86_64-linux-gnu/4.9/../../.. CMakeFiles/cmTryCompileExec544085072.dir/CMakeCCompilerABI.c.o -lgcc --as-needed -lgcc_s --no-as-needed -lc -lgcc --as-needed -lgcc_s --no-as-needed /usr/lib/gcc/x86_64-linux-gnu/4.9/crtend.o /usr/lib/gcc/x86_64-linux-gnu/4.9/../../../x86_64-linux-gnu/crtn.o]
    arg [/usr/lib/gcc/x86_64-linux-gnu/4.9/collect2] ==> ignore
    arg [-plugin] ==> ignore
    arg [/usr/lib/gcc/x86_64-linux-gnu/4.9/liblto_plugin.so] ==> ignore
    arg [-plugin-opt=/usr/lib/gcc/x86_64-linux-gnu/4.9/lto-wrapper] ==> ignore
    arg [-plugin-opt=-fresolution=/tmp/ccrO0Rve.res] ==> ignore
    arg [-plugin-opt=-pass-through=-lgcc] ==> ignore
    arg [-plugin-opt=-pass-through=-lgcc_s] ==> ignore
    arg [-plugin-opt=-pass-through=-lc] ==> ignore
    arg [-plugin-opt=-pass-through=-lgcc] ==> ignore
    arg [-plugin-opt=-pass-through=-lgcc_s] ==> ignore
    arg [--sysroot=/] ==> ignore
    arg [--build-id] ==> ignore
    arg [--eh-frame-hdr] ==> ignore
    arg [-m] ==> ignore
    arg [elf_x86_64] ==> ignore
    arg [--hash-style=gnu] ==> ignore
    arg [-export-dynamic] ==> ignore
    arg [-dynamic-linker] ==> ignore
    arg [/lib64/ld-linux-x86-64.so.2] ==> ignore
    arg [-o] ==> ignore
    arg [cmTryCompileExec544085072] ==> ignore
    arg [/usr/lib/gcc/x86_64-linux-gnu/4.9/../../../x86_64-linux-gnu/crt1.o] ==> ignore
    arg [/usr/lib/gcc/x86_64-linux-gnu/4.9/../../../x86_64-linux-gnu/crti.o] ==> ignore
    arg [/usr/lib/gcc/x86_64-linux-gnu/4.9/crtbegin.o] ==> ignore
    arg [-L/usr/lib/gcc/x86_64-linux-gnu/4.9] ==> dir [/usr/lib/gcc/x86_64-linux-gnu/4.9]
    arg [-L/usr/lib/gcc/x86_64-linux-gnu/4.9/../../../x86_64-linux-gnu] ==> dir [/usr/lib/gcc/x86_64-linux-gnu/4.9/../../../x86_64-linux-gnu]
    arg [-L/usr/lib/gcc/x86_64-linux-gnu/4.9/../../../../lib] ==> dir [/usr/lib/gcc/x86_64-linux-gnu/4.9/../../../../lib]
    arg [-L/lib/x86_64-linux-gnu] ==> dir [/lib/x86_64-linux-gnu]
    arg [-L/lib/../lib] ==> dir [/lib/../lib]
    arg [-L/usr/lib/x86_64-linux-gnu] ==> dir [/usr/lib/x86_64-linux-gnu]
    arg [-L/usr/lib/../lib] ==> dir [/usr/lib/../lib]
    arg [-L/usr/lib/gcc/x86_64-linux-gnu/4.9/../../..] ==> dir [/usr/lib/gcc/x86_64-linux-gnu/4.9/../../..]
    arg [CMakeFiles/cmTryCompileExec544085072.dir/CMakeCCompilerABI.c.o] ==> ignore
    arg [-lgcc] ==> lib [gcc]
    arg [--as-needed] ==> ignore
    arg [-lgcc_s] ==> lib [gcc_s]
    arg [--no-as-needed] ==> ignore
    arg [-lc] ==> lib [c]
    arg [-lgcc] ==> lib [gcc]
    arg [--as-needed] ==> ignore
    arg [-lgcc_s] ==> lib [gcc_s]
    arg [--no-as-needed] ==> ignore
    arg [/usr/lib/gcc/x86_64-linux-gnu/4.9/crtend.o] ==> ignore
    arg [/usr/lib/gcc/x86_64-linux-gnu/4.9/../../../x86_64-linux-gnu/crtn.o] ==> ignore
  remove lib [gcc]
  remove lib [gcc_s]
  remove lib [gcc]
  remove lib [gcc_s]
  collapse library dir [/usr/lib/gcc/x86_64-linux-gnu/4.9] ==> [/usr/lib/gcc/x86_64-linux-gnu/4.9]
  collapse library dir [/usr/lib/gcc/x86_64-linux-gnu/4.9/../../../x86_64-linux-gnu] ==> [/usr/lib/x86_64-linux-gnu]
  collapse library dir [/usr/lib/gcc/x86_64-linux-gnu/4.9/../../../../lib] ==> [/usr/lib]
  collapse library dir [/lib/x86_64-linux-gnu] ==> [/lib/x86_64-linux-gnu]
  collapse library dir [/lib/../lib] ==> [/lib]
  collapse library dir [/usr/lib/x86_64-linux-gnu] ==> [/usr/lib/x86_64-linux-gnu]
  collapse library dir [/usr/lib/../lib] ==> [/usr/lib]
  collapse library dir [/usr/lib/gcc/x86_64-linux-gnu/4.9/../../..] ==> [/usr/lib]
  implicit libs: [c]
  implicit dirs: [/usr/lib/gcc/x86_64-linux-gnu/4.9;/usr/lib/x86_64-linux-gnu;/usr/lib;/lib/x86_64-linux-gnu;/lib]
  implicit fwks: []


Determining if the CXX compiler works passed with the following output:
Change Dir: /home/mecatro/Documents/GIT/roblind/build-roblind-Raspberry-Debug/CMakeFiles/CMakeTmp

Run Build Command:"/usr/bin/make" "cmTryCompileExec1672405323/fast"
/usr/bin/make -f CMakeFiles/cmTryCompileExec1672405323.dir/build.make CMakeFiles/cmTryCompileExec1672405323.dir/build
make[1]: Entering directory '/home/mecatro/Documents/GIT/roblind/build-roblind-Raspberry-Debug/CMakeFiles/CMakeTmp'
/usr/bin/cmake -E cmake_progress_report /home/mecatro/Documents/GIT/roblind/build-roblind-Raspberry-Debug/CMakeFiles/CMakeTmp/CMakeFiles 1
Building CXX object CMakeFiles/cmTryCompileExec1672405323.dir/testCXXCompiler.cxx.o
/home/mecatro/gcc-linaro-arm-linux-gnueabihf-raspbian-x64/bin/arm-linux-gnueabihf-g++     -o CMakeFiles/cmTryCompileExec1672405323.dir/testCXXCompiler.cxx.o -c /home/mecatro/Documents/GIT/roblind/build-roblind-Raspberry-Debug/CMakeFiles/CMakeTmp/testCXXCompiler.cxx
Linking CXX executable cmTryCompileExec1672405323
/usr/bin/cmake -E cmake_link_script CMakeFiles/cmTryCompileExec1672405323.dir/link.txt --verbose=1
/home/mecatro/gcc-linaro-arm-linux-gnueabihf-raspbian-x64/bin/arm-linux-gnueabihf-g++        CMakeFiles/cmTryCompileExec1672405323.dir/testCXXCompiler.cxx.o  -o cmTryCompileExec1672405323 -rdynamic 
make[1]: Leaving directory '/home/mecatro/Documents/GIT/roblind/build-roblind-Raspberry-Debug/CMakeFiles/CMakeTmp'


Detecting CXX compiler ABI info compiled with the following output:
Change Dir: /home/mecatro/Documents/GIT/roblind/build-roblind-Raspberry-Debug/CMakeFiles/CMakeTmp

Run Build Command:"/usr/bin/make" "cmTryCompileExec3562681700/fast"
/usr/bin/make -f CMakeFiles/cmTryCompileExec3562681700.dir/build.make CMakeFiles/cmTryCompileExec3562681700.dir/build
make[1]: Entering directory '/home/mecatro/Documents/GIT/roblind/build-roblind-Raspberry-Debug/CMakeFiles/CMakeTmp'
/usr/bin/cmake -E cmake_progress_report /home/mecatro/Documents/GIT/roblind/build-roblind-Raspberry-Debug/CMakeFiles/CMakeTmp/CMakeFiles 1
Building CXX object CMakeFiles/cmTryCompileExec3562681700.dir/CMakeCXXCompilerABI.cpp.o
/home/mecatro/gcc-linaro-arm-linux-gnueabihf-raspbian-x64/bin/arm-linux-gnueabihf-g++     -o CMakeFiles/cmTryCompileExec3562681700.dir/CMakeCXXCompilerABI.cpp.o -c /usr/share/cmake-3.0/Modules/CMakeCXXCompilerABI.cpp
Linking CXX executable cmTryCompileExec3562681700
/usr/bin/cmake -E cmake_link_script CMakeFiles/cmTryCompileExec3562681700.dir/link.txt --verbose=1
/home/mecatro/gcc-linaro-arm-linux-gnueabihf-raspbian-x64/bin/arm-linux-gnueabihf-g++      -v CMakeFiles/cmTryCompileExec3562681700.dir/CMakeCXXCompilerABI.cpp.o  -o cmTryCompileExec3562681700 -rdynamic  
Using built-in specs.
COLLECT_GCC=/home/mecatro/gcc-linaro-arm-linux-gnueabihf-raspbian-x64/bin/arm-linux-gnueabihf-g++
COLLECT_LTO_WRAPPER=/home/mecatro/gcc-linaro-arm-linux-gnueabihf-raspbian-x64/bin/../libexec/gcc/arm-linux-gnueabihf/4.8.3/lto-wrapper
Target: arm-linux-gnueabihf
Configured with: /home/zhehe01/work/bzr/pi-build/builds/arm-linux-gnueabihf-raspbian-linux/.build/src/gcc-linaro-4.8-2014.03/configure --build=x86_64-build_unknown-linux-gnu --host=x86_64-build_unknown-linux-gnu --target=arm-linux-gnueabihf --prefix=/home/zhehe01/work/bzr/pi-build/builds/arm-linux-gnueabihf-raspbian-linux/install --with-sysroot=/home/zhehe01/work/bzr/pi-build/builds/arm-linux-gnueabihf-raspbian-linux/install/arm-linux-gnueabihf/libc --enable-languages=c,c++,fortran --disable-multilib --enable-multiarch --with-arch=armv6 --with-tune=arm1176jz-s --with-fpu=vfp --with-float=hard --with-pkgversion='crosstool-NG linaro-1.13.1+bzr2650 - Linaro GCC 2014.03' --with-bugurl=https://bugs.launchpad.net/gcc-linaro --enable-__cxa_atexit --enable-libmudflap --enable-libgomp --enable-libssp --with-gmp=/home/zhehe01/work/bzr/pi-build/builds/arm-linux-gnueabihf-raspbian-linux/.build/arm-linux-gnueabihf/build/static --with-mpfr=/home/zhehe01/work/bzr/pi-build/builds/arm-linux-gnueabihf-raspbian-linux/.build/arm-linux-gnueabihf/build/static --with-mpc=/home/zhehe01/work/bzr/pi-build/builds/arm-linux-gnueabihf-raspbian-linux/.build/arm-linux-gnueabihf/build/static --with-isl=/home/zhehe01/work/bzr/pi-build/builds/arm-linux-gnueabihf-raspbian-linux/.build/arm-linux-gnueabihf/build/static --with-cloog=/home/zhehe01/work/bzr/pi-build/builds/arm-linux-gnueabihf-raspbian-linux/.build/arm-linux-gnueabihf/build/static --with-libelf=/home/zhehe01/work/bzr/pi-build/builds/arm-linux-gnueabihf-raspbian-linux/.build/arm-linux-gnueabihf/build/static --enable-threads=posix --disable-libstdcxx-pch --enable-linker-build-id --enable-plugin --enable-gold --with-local-prefix=/home/zhehe01/work/bzr/pi-build/builds/arm-linux-gnueabihf-raspbian-linux/install/arm-linux-gnueabihf/libc --enable-c99 --enable-long-long --with-float=hard
Thread model: posix
gcc version 4.8.3 20140303 (prerelease) (crosstool-NG linaro-1.13.1+bzr2650 - Linaro GCC 2014.03) 
COMPILER_PATH=/home/mecatro/gcc-linaro-arm-linux-gnueabihf-raspbian-x64/bin/../libexec/gcc/arm-linux-gnueabihf/4.8.3/:/home/mecatro/gcc-linaro-arm-linux-gnueabihf-raspbian-x64/bin/../libexec/gcc/arm-linux-gnueabihf/:/home/mecatro/gcc-linaro-arm-linux-gnueabihf-raspbian-x64/bin/../libexec/gcc/:/home/mecatro/gcc-linaro-arm-linux-gnueabihf-raspbian-x64/bin/../libexec/gcc/arm-linux-gnueabihf/:/home/mecatro/gcc-linaro-arm-linux-gnueabihf-raspbian-x64/bin/../lib/gcc/arm-linux-gnueabihf/4.8.3/../../../../arm-linux-gnueabihf/bin/
LIBRARY_PATH=/home/mecatro/gcc-linaro-arm-linux-gnueabihf-raspbian-x64/bin/../lib/gcc/arm-linux-gnueabihf/4.8.3/:/home/mecatro/gcc-linaro-arm-linux-gnueabihf-raspbian-x64/bin/../lib/gcc/arm-linux-gnueabihf/:/home/mecatro/gcc-linaro-arm-linux-gnueabihf-raspbian-x64/bin/../lib/gcc/:/home/mecatro/gcc-linaro-arm-linux-gnueabihf-raspbian-x64/bin/../lib/gcc/arm-linux-gnueabihf/:/home/mecatro/gcc-linaro-arm-linux-gnueabihf-raspbian-x64/bin/../lib/gcc/arm-linux-gnueabihf/4.8.3/../../../../arm-linux-gnueabihf/lib/:/home/mecatro/gcc-linaro-arm-linux-gnueabihf-raspbian-x64/bin/../arm-linux-gnueabihf/libc/lib/arm-linux-gnueabihf/:/home/mecatro/gcc-linaro-arm-linux-gnueabihf-raspbian-x64/bin/../arm-linux-gnueabihf/libc/lib/:/home/mecatro/gcc-linaro-arm-linux-gnueabihf-raspbian-x64/bin/../arm-linux-gnueabihf/libc/lib/arm-linux-gnueabihf/:/home/mecatro/gcc-linaro-arm-linux-gnueabihf-raspbian-x64/bin/../arm-linux-gnueabihf/libc/usr/lib/arm-linux-gnueabihf/:/home/mecatro/gcc-linaro-arm-linux-gnueabihf-raspbian-x64/bin/../arm-linux-gnueabihf/libc/usr/lib/:/home/mecatro/gcc-linaro-arm-linux-gnueabihf-raspbian-x64/bin/../arm-linux-gnueabihf/libc/usr/lib/arm-linux-gnueabihf/
COLLECT_GCC_OPTIONS='-v' '-o' 'cmTryCompileExec3562681700' '-rdynamic' '-shared-libgcc' '-march=armv6' '-mtune=arm1176jz-s' '-mfloat-abi=hard' '-mfpu=vfp' '-mtls-dialect=gnu'
 /home/mecatro/gcc-linaro-arm-linux-gnueabihf-raspbian-x64/bin/../libexec/gcc/arm-linux-gnueabihf/4.8.3/collect2 --sysroot=/home/mecatro/gcc-linaro-arm-linux-gnueabihf-raspbian-x64/bin/../arm-linux-gnueabihf/libc --build-id --eh-frame-hdr -export-dynamic -dynamic-linker /lib/ld-linux-armhf.so.3 -X -m armelf_linux_eabi -o cmTryCompileExec3562681700 /home/mecatro/gcc-linaro-arm-linux-gnueabihf-raspbian-x64/bin/../arm-linux-gnueabihf/libc/usr/lib/arm-linux-gnueabihf/crt1.o /home/mecatro/gcc-linaro-arm-linux-gnueabihf-raspbian-x64/bin/../arm-linux-gnueabihf/libc/usr/lib/arm-linux-gnueabihf/crti.o /home/mecatro/gcc-linaro-arm-linux-gnueabihf-raspbian-x64/bin/../lib/gcc/arm-linux-gnueabihf/4.8.3/crtbegin.o -L/home/mecatro/gcc-linaro-arm-linux-gnueabihf-raspbian-x64/bin/../lib/gcc/arm-linux-gnueabihf/4.8.3 -L/home/mecatro/gcc-linaro-arm-linux-gnueabihf-raspbian-x64/bin/../lib/gcc/arm-linux-gnueabihf -L/home/mecatro/gcc-linaro-arm-linux-gnueabihf-raspbian-x64/bin/../lib/gcc -L/home/mecatro/gcc-linaro-arm-linux-gnueabihf-raspbian-x64/bin/../lib/gcc/arm-linux-gnueabihf -L/home/mecatro/gcc-linaro-arm-linux-gnueabihf-raspbian-x64/bin/../lib/gcc/arm-linux-gnueabihf/4.8.3/../../../../arm-linux-gnueabihf/lib -L/home/mecatro/gcc-linaro-arm-linux-gnueabihf-raspbian-x64/bin/../arm-linux-gnueabihf/libc/lib/arm-linux-gnueabihf -L/home/mecatro/gcc-linaro-arm-linux-gnueabihf-raspbian-x64/bin/../arm-linux-gnueabihf/libc/lib -L/home/mecatro/gcc-linaro-arm-linux-gnueabihf-raspbian-x64/bin/../arm-linux-gnueabihf/libc/lib/arm-linux-gnueabihf -L/home/mecatro/gcc-linaro-arm-linux-gnueabihf-raspbian-x64/bin/../arm-linux-gnueabihf/libc/usr/lib/arm-linux-gnueabihf -L/home/mecatro/gcc-linaro-arm-linux-gnueabihf-raspbian-x64/bin/../arm-linux-gnueabihf/libc/usr/lib -L/home/mecatro/gcc-linaro-arm-linux-gnueabihf-raspbian-x64/bin/../arm-linux-gnueabihf/libc/usr/lib/arm-linux-gnueabihf CMakeFiles/cmTryCompileExec3562681700.dir/CMakeCXXCompilerABI.cpp.o -lstdc++ -lm -lgcc_s -lgcc -lc -lgcc_s -lgcc /home/mecatro/gcc-linaro-arm-linux-gnueabihf-raspbian-x64/bin/../lib/gcc/arm-linux-gnueabihf/4.8.3/crtend.o /home/mecatro/gcc-linaro-arm-linux-gnueabihf-raspbian-x64/bin/../arm-linux-gnueabihf/libc/usr/lib/arm-linux-gnueabihf/crtn.o
make[1]: Leaving directory '/home/mecatro/Documents/GIT/roblind/build-roblind-Raspberry-Debug/CMakeFiles/CMakeTmp'


Parsed CXX implicit link information from above output:
  link line regex: [^( *|.*[/\])(ld|([^/\]+-)?ld|collect2)[^/\]*( |$)]
  ignore line: [Change Dir: /home/mecatro/Documents/GIT/roblind/build-roblind-Raspberry-Debug/CMakeFiles/CMakeTmp]
  ignore line: []
  ignore line: [Run Build Command:"/usr/bin/make" "cmTryCompileExec3562681700/fast"]
  ignore line: [/usr/bin/make -f CMakeFiles/cmTryCompileExec3562681700.dir/build.make CMakeFiles/cmTryCompileExec3562681700.dir/build]
  ignore line: [make[1]: Entering directory '/home/mecatro/Documents/GIT/roblind/build-roblind-Raspberry-Debug/CMakeFiles/CMakeTmp']
  ignore line: [/usr/bin/cmake -E cmake_progress_report /home/mecatro/Documents/GIT/roblind/build-roblind-Raspberry-Debug/CMakeFiles/CMakeTmp/CMakeFiles 1]
  ignore line: [Building CXX object CMakeFiles/cmTryCompileExec3562681700.dir/CMakeCXXCompilerABI.cpp.o]
  ignore line: [/home/mecatro/gcc-linaro-arm-linux-gnueabihf-raspbian-x64/bin/arm-linux-gnueabihf-g++     -o CMakeFiles/cmTryCompileExec3562681700.dir/CMakeCXXCompilerABI.cpp.o -c /usr/share/cmake-3.0/Modules/CMakeCXXCompilerABI.cpp]
  ignore line: [Linking CXX executable cmTryCompileExec3562681700]
  ignore line: [/usr/bin/cmake -E cmake_link_script CMakeFiles/cmTryCompileExec3562681700.dir/link.txt --verbose=1]
  ignore line: [/home/mecatro/gcc-linaro-arm-linux-gnueabihf-raspbian-x64/bin/arm-linux-gnueabihf-g++      -v CMakeFiles/cmTryCompileExec3562681700.dir/CMakeCXXCompilerABI.cpp.o  -o cmTryCompileExec3562681700 -rdynamic  ]
  ignore line: [Using built-in specs.]
  ignore line: [COLLECT_GCC=/home/mecatro/gcc-linaro-arm-linux-gnueabihf-raspbian-x64/bin/arm-linux-gnueabihf-g++]
  ignore line: [COLLECT_LTO_WRAPPER=/home/mecatro/gcc-linaro-arm-linux-gnueabihf-raspbian-x64/bin/../libexec/gcc/arm-linux-gnueabihf/4.8.3/lto-wrapper]
  ignore line: [Target: arm-linux-gnueabihf]
  ignore line: [Configured with: /home/zhehe01/work/bzr/pi-build/builds/arm-linux-gnueabihf-raspbian-linux/.build/src/gcc-linaro-4.8-2014.03/configure --build=x86_64-build_unknown-linux-gnu --host=x86_64-build_unknown-linux-gnu --target=arm-linux-gnueabihf --prefix=/home/zhehe01/work/bzr/pi-build/builds/arm-linux-gnueabihf-raspbian-linux/install --with-sysroot=/home/zhehe01/work/bzr/pi-build/builds/arm-linux-gnueabihf-raspbian-linux/install/arm-linux-gnueabihf/libc --enable-languages=c,c++,fortran --disable-multilib --enable-multiarch --with-arch=armv6 --with-tune=arm1176jz-s --with-fpu=vfp --with-float=hard --with-pkgversion='crosstool-NG linaro-1.13.1+bzr2650 - Linaro GCC 2014.03' --with-bugurl=https://bugs.launchpad.net/gcc-linaro --enable-__cxa_atexit --enable-libmudflap --enable-libgomp --enable-libssp --with-gmp=/home/zhehe01/work/bzr/pi-build/builds/arm-linux-gnueabihf-raspbian-linux/.build/arm-linux-gnueabihf/build/static --with-mpfr=/home/zhehe01/work/bzr/pi-build/builds/arm-linux-gnueabihf-raspbian-linux/.build/arm-linux-gnueabihf/build/static --with-mpc=/home/zhehe01/work/bzr/pi-build/builds/arm-linux-gnueabihf-raspbian-linux/.build/arm-linux-gnueabihf/build/static --with-isl=/home/zhehe01/work/bzr/pi-build/builds/arm-linux-gnueabihf-raspbian-linux/.build/arm-linux-gnueabihf/build/static --with-cloog=/home/zhehe01/work/bzr/pi-build/builds/arm-linux-gnueabihf-raspbian-linux/.build/arm-linux-gnueabihf/build/static --with-libelf=/home/zhehe01/work/bzr/pi-build/builds/arm-linux-gnueabihf-raspbian-linux/.build/arm-linux-gnueabihf/build/static --enable-threads=posix --disable-libstdcxx-pch --enable-linker-build-id --enable-plugin --enable-gold --with-local-prefix=/home/zhehe01/work/bzr/pi-build/builds/arm-linux-gnueabihf-raspbian-linux/install/arm-linux-gnueabihf/libc --enable-c99 --enable-long-long --with-float=hard]
  ignore line: [Thread model: posix]
  ignore line: [gcc version 4.8.3 20140303 (prerelease) (crosstool-NG linaro-1.13.1+bzr2650 - Linaro GCC 2014.03) ]
  ignore line: [COMPILER_PATH=/home/mecatro/gcc-linaro-arm-linux-gnueabihf-raspbian-x64/bin/../libexec/gcc/arm-linux-gnueabihf/4.8.3/:/home/mecatro/gcc-linaro-arm-linux-gnueabihf-raspbian-x64/bin/../libexec/gcc/arm-linux-gnueabihf/:/home/mecatro/gcc-linaro-arm-linux-gnueabihf-raspbian-x64/bin/../libexec/gcc/:/home/mecatro/gcc-linaro-arm-linux-gnueabihf-raspbian-x64/bin/../libexec/gcc/arm-linux-gnueabihf/:/home/mecatro/gcc-linaro-arm-linux-gnueabihf-raspbian-x64/bin/../lib/gcc/arm-linux-gnueabihf/4.8.3/../../../../arm-linux-gnueabihf/bin/]
  ignore line: [LIBRARY_PATH=/home/mecatro/gcc-linaro-arm-linux-gnueabihf-raspbian-x64/bin/../lib/gcc/arm-linux-gnueabihf/4.8.3/:/home/mecatro/gcc-linaro-arm-linux-gnueabihf-raspbian-x64/bin/../lib/gcc/arm-linux-gnueabihf/:/home/mecatro/gcc-linaro-arm-linux-gnueabihf-raspbian-x64/bin/../lib/gcc/:/home/mecatro/gcc-linaro-arm-linux-gnueabihf-raspbian-x64/bin/../lib/gcc/arm-linux-gnueabihf/:/home/mecatro/gcc-linaro-arm-linux-gnueabihf-raspbian-x64/bin/../lib/gcc/arm-linux-gnueabihf/4.8.3/../../../../arm-linux-gnueabihf/lib/:/home/mecatro/gcc-linaro-arm-linux-gnueabihf-raspbian-x64/bin/../arm-linux-gnueabihf/libc/lib/arm-linux-gnueabihf/:/home/mecatro/gcc-linaro-arm-linux-gnueabihf-raspbian-x64/bin/../arm-linux-gnueabihf/libc/lib/:/home/mecatro/gcc-linaro-arm-linux-gnueabihf-raspbian-x64/bin/../arm-linux-gnueabihf/libc/lib/arm-linux-gnueabihf/:/home/mecatro/gcc-linaro-arm-linux-gnueabihf-raspbian-x64/bin/../arm-linux-gnueabihf/libc/usr/lib/arm-linux-gnueabihf/:/home/mecatro/gcc-linaro-arm-linux-gnueabihf-raspbian-x64/bin/../arm-linux-gnueabihf/libc/usr/lib/:/home/mecatro/gcc-linaro-arm-linux-gnueabihf-raspbian-x64/bin/../arm-linux-gnueabihf/libc/usr/lib/arm-linux-gnueabihf/]
  ignore line: [COLLECT_GCC_OPTIONS='-v' '-o' 'cmTryCompileExec3562681700' '-rdynamic' '-shared-libgcc' '-march=armv6' '-mtune=arm1176jz-s' '-mfloat-abi=hard' '-mfpu=vfp' '-mtls-dialect=gnu']
  link line: [ /home/mecatro/gcc-linaro-arm-linux-gnueabihf-raspbian-x64/bin/../libexec/gcc/arm-linux-gnueabihf/4.8.3/collect2 --sysroot=/home/mecatro/gcc-linaro-arm-linux-gnueabihf-raspbian-x64/bin/../arm-linux-gnueabihf/libc --build-id --eh-frame-hdr -export-dynamic -dynamic-linker /lib/ld-linux-armhf.so.3 -X -m armelf_linux_eabi -o cmTryCompileExec3562681700 /home/mecatro/gcc-linaro-arm-linux-gnueabihf-raspbian-x64/bin/../arm-linux-gnueabihf/libc/usr/lib/arm-linux-gnueabihf/crt1.o /home/mecatro/gcc-linaro-arm-linux-gnueabihf-raspbian-x64/bin/../arm-linux-gnueabihf/libc/usr/lib/arm-linux-gnueabihf/crti.o /home/mecatro/gcc-linaro-arm-linux-gnueabihf-raspbian-x64/bin/../lib/gcc/arm-linux-gnueabihf/4.8.3/crtbegin.o -L/home/mecatro/gcc-linaro-arm-linux-gnueabihf-raspbian-x64/bin/../lib/gcc/arm-linux-gnueabihf/4.8.3 -L/home/mecatro/gcc-linaro-arm-linux-gnueabihf-raspbian-x64/bin/../lib/gcc/arm-linux-gnueabihf -L/home/mecatro/gcc-linaro-arm-linux-gnueabihf-raspbian-x64/bin/../lib/gcc -L/home/mecatro/gcc-linaro-arm-linux-gnueabihf-raspbian-x64/bin/../lib/gcc/arm-linux-gnueabihf -L/home/mecatro/gcc-linaro-arm-linux-gnueabihf-raspbian-x64/bin/../lib/gcc/arm-linux-gnueabihf/4.8.3/../../../../arm-linux-gnueabihf/lib -L/home/mecatro/gcc-linaro-arm-linux-gnueabihf-raspbian-x64/bin/../arm-linux-gnueabihf/libc/lib/arm-linux-gnueabihf -L/home/mecatro/gcc-linaro-arm-linux-gnueabihf-raspbian-x64/bin/../arm-linux-gnueabihf/libc/lib -L/home/mecatro/gcc-linaro-arm-linux-gnueabihf-raspbian-x64/bin/../arm-linux-gnueabihf/libc/lib/arm-linux-gnueabihf -L/home/mecatro/gcc-linaro-arm-linux-gnueabihf-raspbian-x64/bin/../arm-linux-gnueabihf/libc/usr/lib/arm-linux-gnueabihf -L/home/mecatro/gcc-linaro-arm-linux-gnueabihf-raspbian-x64/bin/../arm-linux-gnueabihf/libc/usr/lib -L/home/mecatro/gcc-linaro-arm-linux-gnueabihf-raspbian-x64/bin/../arm-linux-gnueabihf/libc/usr/lib/arm-linux-gnueabihf CMakeFiles/cmTryCompileExec3562681700.dir/CMakeCXXCompilerABI.cpp.o -lstdc++ -lm -lgcc_s -lgcc -lc -lgcc_s -lgcc /home/mecatro/gcc-linaro-arm-linux-gnueabihf-raspbian-x64/bin/../lib/gcc/arm-linux-gnueabihf/4.8.3/crtend.o /home/mecatro/gcc-linaro-arm-linux-gnueabihf-raspbian-x64/bin/../arm-linux-gnueabihf/libc/usr/lib/arm-linux-gnueabihf/crtn.o]
    arg [/home/mecatro/gcc-linaro-arm-linux-gnueabihf-raspbian-x64/bin/../libexec/gcc/arm-linux-gnueabihf/4.8.3/collect2] ==> ignore
    arg [--sysroot=/home/mecatro/gcc-linaro-arm-linux-gnueabihf-raspbian-x64/bin/../arm-linux-gnueabihf/libc] ==> ignore
    arg [--build-id] ==> ignore
    arg [--eh-frame-hdr] ==> ignore
    arg [-export-dynamic] ==> ignore
    arg [-dynamic-linker] ==> ignore
    arg [/lib/ld-linux-armhf.so.3] ==> ignore
    arg [-X] ==> ignore
    arg [-m] ==> ignore
    arg [armelf_linux_eabi] ==> ignore
    arg [-o] ==> ignore
    arg [cmTryCompileExec3562681700] ==> ignore
    arg [/home/mecatro/gcc-linaro-arm-linux-gnueabihf-raspbian-x64/bin/../arm-linux-gnueabihf/libc/usr/lib/arm-linux-gnueabihf/crt1.o] ==> ignore
    arg [/home/mecatro/gcc-linaro-arm-linux-gnueabihf-raspbian-x64/bin/../arm-linux-gnueabihf/libc/usr/lib/arm-linux-gnueabihf/crti.o] ==> ignore
    arg [/home/mecatro/gcc-linaro-arm-linux-gnueabihf-raspbian-x64/bin/../lib/gcc/arm-linux-gnueabihf/4.8.3/crtbegin.o] ==> ignore
    arg [-L/home/mecatro/gcc-linaro-arm-linux-gnueabihf-raspbian-x64/bin/../lib/gcc/arm-linux-gnueabihf/4.8.3] ==> dir [/home/mecatro/gcc-linaro-arm-linux-gnueabihf-raspbian-x64/bin/../lib/gcc/arm-linux-gnueabihf/4.8.3]
    arg [-L/home/mecatro/gcc-linaro-arm-linux-gnueabihf-raspbian-x64/bin/../lib/gcc/arm-linux-gnueabihf] ==> dir [/home/mecatro/gcc-linaro-arm-linux-gnueabihf-raspbian-x64/bin/../lib/gcc/arm-linux-gnueabihf]
    arg [-L/home/mecatro/gcc-linaro-arm-linux-gnueabihf-raspbian-x64/bin/../lib/gcc] ==> dir [/home/mecatro/gcc-linaro-arm-linux-gnueabihf-raspbian-x64/bin/../lib/gcc]
    arg [-L/home/mecatro/gcc-linaro-arm-linux-gnueabihf-raspbian-x64/bin/../lib/gcc/arm-linux-gnueabihf] ==> dir [/home/mecatro/gcc-linaro-arm-linux-gnueabihf-raspbian-x64/bin/../lib/gcc/arm-linux-gnueabihf]
    arg [-L/home/mecatro/gcc-linaro-arm-linux-gnueabihf-raspbian-x64/bin/../lib/gcc/arm-linux-gnueabihf/4.8.3/../../../../arm-linux-gnueabihf/lib] ==> dir [/home/mecatro/gcc-linaro-arm-linux-gnueabihf-raspbian-x64/bin/../lib/gcc/arm-linux-gnueabihf/4.8.3/../../../../arm-linux-gnueabihf/lib]
    arg [-L/home/mecatro/gcc-linaro-arm-linux-gnueabihf-raspbian-x64/bin/../arm-linux-gnueabihf/libc/lib/arm-linux-gnueabihf] ==> dir [/home/mecatro/gcc-linaro-arm-linux-gnueabihf-raspbian-x64/bin/../arm-linux-gnueabihf/libc/lib/arm-linux-gnueabihf]
    arg [-L/home/mecatro/gcc-linaro-arm-linux-gnueabihf-raspbian-x64/bin/../arm-linux-gnueabihf/libc/lib] ==> dir [/home/mecatro/gcc-linaro-arm-linux-gnueabihf-raspbian-x64/bin/../arm-linux-gnueabihf/libc/lib]
    arg [-L/home/mecatro/gcc-linaro-arm-linux-gnueabihf-raspbian-x64/bin/../arm-linux-gnueabihf/libc/lib/arm-linux-gnueabihf] ==> dir [/home/mecatro/gcc-linaro-arm-linux-gnueabihf-raspbian-x64/bin/../arm-linux-gnueabihf/libc/lib/arm-linux-gnueabihf]
    arg [-L/home/mecatro/gcc-linaro-arm-linux-gnueabihf-raspbian-x64/bin/../arm-linux-gnueabihf/libc/usr/lib/arm-linux-gnueabihf] ==> dir [/home/mecatro/gcc-linaro-arm-linux-gnueabihf-raspbian-x64/bin/../arm-linux-gnueabihf/libc/usr/lib/arm-linux-gnueabihf]
    arg [-L/home/mecatro/gcc-linaro-arm-linux-gnueabihf-raspbian-x64/bin/../arm-linux-gnueabihf/libc/usr/lib] ==> dir [/home/mecatro/gcc-linaro-arm-linux-gnueabihf-raspbian-x64/bin/../arm-linux-gnueabihf/libc/usr/lib]
    arg [-L/home/mecatro/gcc-linaro-arm-linux-gnueabihf-raspbian-x64/bin/../arm-linux-gnueabihf/libc/usr/lib/arm-linux-gnueabihf] ==> dir [/home/mecatro/gcc-linaro-arm-linux-gnueabihf-raspbian-x64/bin/../arm-linux-gnueabihf/libc/usr/lib/arm-linux-gnueabihf]
    arg [CMakeFiles/cmTryCompileExec3562681700.dir/CMakeCXXCompilerABI.cpp.o] ==> ignore
    arg [-lstdc++] ==> lib [stdc++]
    arg [-lm] ==> lib [m]
    arg [-lgcc_s] ==> lib [gcc_s]
    arg [-lgcc] ==> lib [gcc]
    arg [-lc] ==> lib [c]
    arg [-lgcc_s] ==> lib [gcc_s]
    arg [-lgcc] ==> lib [gcc]
    arg [/home/mecatro/gcc-linaro-arm-linux-gnueabihf-raspbian-x64/bin/../lib/gcc/arm-linux-gnueabihf/4.8.3/crtend.o] ==> ignore
    arg [/home/mecatro/gcc-linaro-arm-linux-gnueabihf-raspbian-x64/bin/../arm-linux-gnueabihf/libc/usr/lib/arm-linux-gnueabihf/crtn.o] ==> ignore
  remove lib [gcc_s]
  remove lib [gcc]
  remove lib [gcc_s]
  remove lib [gcc]
  collapse library dir [/home/mecatro/gcc-linaro-arm-linux-gnueabihf-raspbian-x64/bin/../lib/gcc/arm-linux-gnueabihf/4.8.3] ==> [/home/mecatro/gcc-linaro-arm-linux-gnueabihf-raspbian-x64/lib/gcc/arm-linux-gnueabihf/4.8.3]
  collapse library dir [/home/mecatro/gcc-linaro-arm-linux-gnueabihf-raspbian-x64/bin/../lib/gcc/arm-linux-gnueabihf] ==> [/home/mecatro/gcc-linaro-arm-linux-gnueabihf-raspbian-x64/lib/gcc/arm-linux-gnueabihf]
  collapse library dir [/home/mecatro/gcc-linaro-arm-linux-gnueabihf-raspbian-x64/bin/../lib/gcc] ==> [/home/mecatro/gcc-linaro-arm-linux-gnueabihf-raspbian-x64/lib/gcc]
  collapse library dir [/home/mecatro/gcc-linaro-arm-linux-gnueabihf-raspbian-x64/bin/../lib/gcc/arm-linux-gnueabihf] ==> [/home/mecatro/gcc-linaro-arm-linux-gnueabihf-raspbian-x64/lib/gcc/arm-linux-gnueabihf]
  collapse library dir [/home/mecatro/gcc-linaro-arm-linux-gnueabihf-raspbian-x64/bin/../lib/gcc/arm-linux-gnueabihf/4.8.3/../../../../arm-linux-gnueabihf/lib] ==> [/home/mecatro/gcc-linaro-arm-linux-gnueabihf-raspbian-x64/arm-linux-gnueabihf/lib]
  collapse library dir [/home/mecatro/gcc-linaro-arm-linux-gnueabihf-raspbian-x64/bin/../arm-linux-gnueabihf/libc/lib/arm-linux-gnueabihf] ==> [/home/mecatro/gcc-linaro-arm-linux-gnueabihf-raspbian-x64/arm-linux-gnueabihf/libc/lib/arm-linux-gnueabihf]
  collapse library dir [/home/mecatro/gcc-linaro-arm-linux-gnueabihf-raspbian-x64/bin/../arm-linux-gnueabihf/libc/lib] ==> [/home/mecatro/gcc-linaro-arm-linux-gnueabihf-raspbian-x64/arm-linux-gnueabihf/libc/lib]
  collapse library dir [/home/mecatro/gcc-linaro-arm-linux-gnueabihf-raspbian-x64/bin/../arm-linux-gnueabihf/libc/lib/arm-linux-gnueabihf] ==> [/home/mecatro/gcc-linaro-arm-linux-gnueabihf-raspbian-x64/arm-linux-gnueabihf/libc/lib/arm-linux-gnueabihf]
  collapse library dir [/home/mecatro/gcc-linaro-arm-linux-gnueabihf-raspbian-x64/bin/../arm-linux-gnueabihf/libc/usr/lib/arm-linux-gnueabihf] ==> [/home/mecatro/gcc-linaro-arm-linux-gnueabihf-raspbian-x64/arm-linux-gnueabihf/libc/usr/lib/arm-linux-gnueabihf]
  collapse library dir [/home/mecatro/gcc-linaro-arm-linux-gnueabihf-raspbian-x64/bin/../arm-linux-gnueabihf/libc/usr/lib] ==> [/home/mecatro/gcc-linaro-arm-linux-gnueabihf-raspbian-x64/arm-linux-gnueabihf/libc/usr/lib]
  collapse library dir [/home/mecatro/gcc-linaro-arm-linux-gnueabihf-raspbian-x64/bin/../arm-linux-gnueabihf/libc/usr/lib/arm-linux-gnueabihf] ==> [/home/mecatro/gcc-linaro-arm-linux-gnueabihf-raspbian-x64/arm-linux-gnueabihf/libc/usr/lib/arm-linux-gnueabihf]
  implicit libs: [stdc++;m;c]
  implicit dirs: [/home/mecatro/gcc-linaro-arm-linux-gnueabihf-raspbian-x64/lib/gcc/arm-linux-gnueabihf/4.8.3;/home/mecatro/gcc-linaro-arm-linux-gnueabihf-raspbian-x64/lib/gcc/arm-linux-gnueabihf;/home/mecatro/gcc-linaro-arm-linux-gnueabihf-raspbian-x64/lib/gcc;/home/mecatro/gcc-linaro-arm-linux-gnueabihf-raspbian-x64/arm-linux-gnueabihf/lib;/home/mecatro/gcc-linaro-arm-linux-gnueabihf-raspbian-x64/arm-linux-gnueabihf/libc/lib/arm-linux-gnueabihf;/home/mecatro/gcc-linaro-arm-linux-gnueabihf-raspbian-x64/arm-linux-gnueabihf/libc/lib;/home/mecatro/gcc-linaro-arm-linux-gnueabihf-raspbian-x64/arm-linux-gnueabihf/libc/usr/lib/arm-linux-gnueabihf;/home/mecatro/gcc-linaro-arm-linux-gnueabihf-raspbian-x64/arm-linux-gnueabihf/libc/usr/lib]
  implicit fwks: []


